{"numTotalTestSuites":24,"numPassedTestSuites":24,"numFailedTestSuites":0,"numPendingTestSuites":0,"numTotalTests":82,"numPassedTests":82,"numFailedTests":0,"numPendingTests":0,"numTodoTests":0,"snapshot":{"added":0,"failure":false,"filesAdded":0,"filesRemoved":0,"filesRemovedList":[],"filesUnmatched":0,"filesUpdated":0,"matched":0,"total":0,"unchecked":0,"uncheckedKeysByFile":[],"unmatched":0,"updated":0,"didUpdate":false},"startTime":1788508003050,"success":true,"testResults":[{"assertionResults":[{"ancestorTitles":["useScorecard — persist-first, no mount AI"],"fullName":"useScorecard — persist-first, no mount AI returns a persisted scorecard without calling generate-scorecard","status":"passed","title":"returns a persisted scorecard without calling generate-scorecard","duration":103.22540000000026,"failureMessages":[],"meta":{}},{"ancestorTitles":["useScorecard — persist-first, no mount AI"],"fullName":"useScorecard — persist-first, no mount AI does not auto-generate when the page mounts and no scorecard exists","status":"passed","title":"does not auto-generate when the page mounts and no scorecard exists","duration":72.27520000000004,"failureMessages":[],"meta":{}},{"ancestorTitles":["useScorecard — persist-first, no mount AI"],"fullName":"useScorecard — persist-first, no mount AI generateScorecard calls Edge once and ignores a second in-flight click","status":"passed","title":"generateScorecard calls Edge once and ignores a second in-flight click","duration":104.86189999999988,"failureMessages":[],"meta":{}},{"ancestorTitles":["useScorecard — persist-first, no mount AI"],"fullName":"useScorecard — persist-first, no mount AI does not treat overall_score alone as completed when evaluation_status is missing","status":"passed","title":"does not treat overall_score alone as completed when evaluation_status is missing","duration":83.61380000000008,"failureMessages":[],"meta":{}},{"ancestorTitles":["useScorecard — persist-first, no mount AI"],"fullName":"useScorecard — persist-first, no mount AI requires explicit evaluation_status=completed with overall_score to show scored","status":"passed","title":"requires explicit evaluation_status=completed with overall_score to show scored","duration":73.42169999999987,"failureMessages":[],"meta":{}}],"startTime":1788508009229,"endTime":1788508009666.4216,"status":"passed","message":"","name":"C:/Users/TECH-GENIUSES/Downloads/clarity-assistant/src/test/hooks/useScorecard.test.ts"},{"assertionResults":[{"ancestorTitles":["Wave 8 FE vs Edge credit key drift contracts"],"fullName":"Wave 8 FE vs Edge credit key drift contracts catalog values match across FE and Edge source","status":"passed","title":"catalog values match across FE and Edge source","duration":7.657000000000153,"failureMessages":[],"meta":{}},{"ancestorTitles":["Wave 8 FE vs Edge credit key drift contracts"],"fullName":"Wave 8 FE vs Edge credit key drift contracts resolveActionCost maps screenshot / long / gap / polish / scorecard vs debrief","status":"passed","title":"resolveActionCost maps screenshot / long / gap / polish / scorecard vs debrief","duration":1.6372000000001208,"failureMessages":[],"meta":{}},{"ancestorTitles":["Wave 8 FE vs Edge credit key drift contracts"],"fullName":"Wave 8 FE vs Edge credit key drift contracts Edge resolveActionCost includes polish_star_section alias","status":"passed","title":"Edge resolveActionCost includes polish_star_section alias","duration":1.6670999999996639,"failureMessages":[],"meta":{}},{"ancestorTitles":["Wave 8 FE vs Edge credit key drift contracts"],"fullName":"Wave 8 FE vs Edge credit key drift contracts FE affordability maps align to catalog for drift keys","status":"passed","title":"FE affordability maps align to catalog for drift keys","duration":1.2577000000001135,"failureMessages":[],"meta":{}},{"ancestorTitles":["Wave 8 FE vs Edge credit key drift contracts"],"fullName":"Wave 8 FE vs Edge credit key drift contracts generate-scorecard and generate-debrief charge distinct catalog keys","status":"passed","title":"generate-scorecard and generate-debrief charge distinct catalog keys","duration":2.450800000000527,"failureMessages":[],"meta":{}}],"startTime":1788508009079,"endTime":1788508009094.4507,"status":"passed","message":"","name":"C:/Users/TECH-GENIUSES/Downloads/clarity-assistant/src/test/lib/billing/creditKeyDriftContracts.test.ts"},{"assertionResults":[{"ancestorTitles":["razorpay webhook signature + exactly-once grant (Edge source)"],"fullName":"razorpay webhook signature + exactly-once grant (Edge source) refuses events without webhook secret (fail closed)","status":"passed","title":"refuses events without webhook secret (fail closed)","duration":3.972400000000107,"failureMessages":[],"meta":{}},{"ancestorTitles":["razorpay webhook signature + exactly-once grant (Edge source)"],"fullName":"razorpay webhook signature + exactly-once grant (Edge source) verifies x-razorpay-signature with HMAC before fulfill","status":"passed","title":"verifies x-razorpay-signature with HMAC before fulfill","duration":2.0148000000003776,"failureMessages":[],"meta":{}},{"ancestorTitles":["razorpay webhook signature + exactly-once grant (Edge source)"],"fullName":"razorpay webhook signature + exactly-once grant (Edge source) claims webhook event id (or payment fallback) before grant","status":"passed","title":"claims webhook event id (or payment fallback) before grant","duration":1.0760000000000218,"failureMessages":[],"meta":{}},{"ancestorTitles":["razorpay webhook signature + exactly-once grant (Edge source)"],"fullName":"razorpay webhook signature + exactly-once grant (Edge source) exactly-once grant path: claim payment id before add_credits / mark paid","status":"passed","title":"exactly-once grant path: claim payment id before add_credits / mark paid","duration":1.348000000000411,"failureMessages":[],"meta":{}},{"ancestorTitles":["razorpay webhook signature + exactly-once grant (Edge source)"],"fullName":"razorpay webhook signature + exactly-once grant (Edge source) create-order fails closed without Razorpay secrets","status":"passed","title":"create-order fails closed without Razorpay secrets","duration":1.4054000000000997,"failureMessages":[],"meta":{}},{"ancestorTitles":["razorpay webhook signature + exactly-once grant (Edge source)"],"fullName":"razorpay webhook signature + exactly-once grant (Edge source) docs/QA copy must not instruct Stripe 4242 for Razorpay test checkout","status":"passed","title":"docs/QA copy must not instruct Stripe 4242 for Razorpay test checkout","duration":2.987799999999879,"failureMessages":[],"meta":{}}],"startTime":1788508006706,"endTime":1788508006718.9878,"status":"passed","message":"","name":"C:/Users/TECH-GENIUSES/Downloads/clarity-assistant/src/test/lib/billing/razorpayWebhookSignatureGrant.test.ts"},{"assertionResults":[{"ancestorTitles":["javascriptSolveRunner contracts"],"fullName":"javascriptSolveRunner contracts exports clear timeout and output limits","status":"passed","title":"exports clear timeout and output limits","duration":4.3586999999997715,"failureMessages":[],"meta":{}},{"ancestorTitles":["javascriptSolveRunner contracts"],"fullName":"javascriptSolveRunner contracts passes the provided Sum the numbers reference solution","status":"passed","title":"passes the provided Sum the numbers reference solution","duration":3.9564000000000306,"failureMessages":[],"meta":{}},{"ancestorTitles":["javascriptSolveRunner contracts"],"fullName":"javascriptSolveRunner contracts passes multi-case execution with two-number sum stub","status":"passed","title":"passes multi-case execution with two-number sum stub","duration":3.850600000000213,"failureMessages":[],"meta":{}},{"ancestorTitles":["javascriptSolveRunner contracts"],"fullName":"javascriptSolveRunner contracts normalizes JSON string inputs from legacy rows","status":"passed","title":"normalizes JSON string inputs from legacy rows","duration":2.7948999999998705,"failureMessages":[],"meta":{}},{"ancestorTitles":["javascriptSolveRunner contracts"],"fullName":"javascriptSolveRunner contracts reports syntax errors as compile_error","status":"passed","title":"reports syntax errors as compile_error","duration":1.1493000000000393,"failureMessages":[],"meta":{}},{"ancestorTitles":["javascriptSolveRunner contracts"],"fullName":"javascriptSolveRunner contracts reports runtime exceptions with case input context","status":"passed","title":"reports runtime exceptions with case input context","duration":1.4731999999999061,"failureMessages":[],"meta":{}},{"ancestorTitles":["javascriptSolveRunner contracts"],"fullName":"javascriptSolveRunner contracts flags infinite loops as timeout","status":"passed","title":"flags infinite loops as timeout","duration":0.8699000000001433,"failureMessages":[],"meta":{}},{"ancestorTitles":["javascriptSolveRunner contracts"],"fullName":"javascriptSolveRunner contracts handles large but serializable output within the max","status":"passed","title":"handles large but serializable output within the max","duration":1.2898000000000138,"failureMessages":[],"meta":{}},{"ancestorTitles":["javascriptSolveRunner contracts"],"fullName":"javascriptSolveRunner contracts fail-closes when solve() output exceeds MAX_OUTPUT_JSON_CHARS","status":"passed","title":"fail-closes when solve() output exceeds MAX_OUTPUT_JSON_CHARS","duration":1.6107999999999265,"failureMessages":[],"meta":{}},{"ancestorTitles":["javascriptSolveRunner contracts"],"fullName":"javascriptSolveRunner contracts rejects source longer than MAX_SOURCE_CHARS","status":"passed","title":"rejects source longer than MAX_SOURCE_CHARS","duration":0.7396000000003369,"failureMessages":[],"meta":{}},{"ancestorTitles":["javascriptSolveRunner contracts"],"fullName":"javascriptSolveRunner contracts maps empty test inventory to service_error","status":"passed","title":"maps empty test inventory to service_error","duration":0.5729999999998654,"failureMessages":[],"meta":{}},{"ancestorTitles":["javascriptSolveRunner contracts"],"fullName":"javascriptSolveRunner contracts identity starter is a wrong answer, not a runtime error","status":"passed","title":"identity starter is a wrong answer, not a runtime error","duration":0.6224000000001979,"failureMessages":[],"meta":{}},{"ancestorTitles":["javascriptSolveRunner contracts"],"fullName":"javascriptSolveRunner contracts captures stdout and stderr without affecting pass/fail","status":"passed","title":"captures stdout and stderr without affecting pass/fail","duration":1.2915000000002692,"failureMessages":[],"meta":{}}],"startTime":1788508006733,"endTime":1788508006759.2915,"status":"passed","message":"","name":"C:/Users/TECH-GENIUSES/Downloads/clarity-assistant/src/test/lib/coding/javascriptSolveRunner.test.ts"},{"assertionResults":[{"ancestorTitles":["AI operation registry / UNKNOWN_OPERATION fail-closed contracts"],"fullName":"AI operation registry / UNKNOWN_OPERATION fail-closed contracts domainErrors defines typed UNKNOWN_OPERATION as non-retryable 400","status":"passed","title":"domainErrors defines typed UNKNOWN_OPERATION as non-retryable 400","duration":4.945799999999963,"failureMessages":[],"meta":{}},{"ancestorTitles":["AI operation registry / UNKNOWN_OPERATION fail-closed contracts"],"fullName":"AI operation registry / UNKNOWN_OPERATION fail-closed contracts decideRoute rejects unknown ops — no SAFE_DEFAULT fall-open","status":"passed","title":"decideRoute rejects unknown ops — no SAFE_DEFAULT fall-open","duration":1.8921000000000276,"failureMessages":[],"meta":{}},{"ancestorTitles":["AI operation registry / UNKNOWN_OPERATION fail-closed contracts"],"fullName":"AI operation registry / UNKNOWN_OPERATION fail-closed contracts hybridExecute refuses unknown ops before credit reserve","status":"passed","title":"hybridExecute refuses unknown ops before credit reserve","duration":2.0252000000000407,"failureMessages":[],"meta":{}},{"ancestorTitles":["AI operation registry / UNKNOWN_OPERATION fail-closed contracts"],"fullName":"AI operation registry / UNKNOWN_OPERATION fail-closed contracts aiOperationRegistry covers every HybridOperation with catalog-aligned credit keys","status":"passed","title":"aiOperationRegistry covers every HybridOperation with catalog-aligned credit keys","duration":13.49369999999999,"failureMessages":[],"meta":{}},{"ancestorTitles":["AI operation registry / UNKNOWN_OPERATION fail-closed contracts"],"fullName":"AI operation registry / UNKNOWN_OPERATION fail-closed contracts aiFeaturePolicy registers ai_coach_chat with prompt version metadata","status":"passed","title":"aiFeaturePolicy registers ai_coach_chat with prompt version metadata","duration":0.9099999999998545,"failureMessages":[],"meta":{}}],"startTime":1788508006708,"endTime":1788508006731.91,"status":"passed","message":"","name":"C:/Users/TECH-GENIUSES/Downloads/clarity-assistant/src/test/lib/edge/aiOperationRegistryContracts.test.ts"},{"assertionResults":[{"ancestorTitles":["gov exam credit/inventory contracts"],"fullName":"gov exam credit/inventory contracts keeps availability free and separates official/PYQ inventory from mocks","status":"passed","title":"keeps availability free and separates official/PYQ inventory from mocks","duration":7.876699999999801,"failureMessages":[],"meta":{}},{"ancestorTitles":["gov exam credit/inventory contracts"],"fullName":"gov exam credit/inventory contracts create-exam-paper checks inventory and attempt limits before charging","status":"passed","title":"create-exam-paper checks inventory and attempt limits before charging","duration":6.709000000000287,"failureMessages":[],"meta":{}},{"ancestorTitles":["gov exam credit/inventory contracts"],"fullName":"gov exam credit/inventory contracts create-exam-paper prefetches spendable credits before job insert","status":"passed","title":"create-exam-paper prefetches spendable credits before job insert","duration":2.282199999999648,"failureMessages":[],"meta":{}},{"ancestorTitles":["gov exam credit/inventory contracts"],"fullName":"gov exam credit/inventory contracts create-exam-paper refunds reserved credits when enqueue dispatch throws","status":"passed","title":"create-exam-paper refunds reserved credits when enqueue dispatch throws","duration":1.5585999999998421,"failureMessages":[],"meta":{}},{"ancestorTitles":["gov exam credit/inventory contracts"],"fullName":"gov exam credit/inventory contracts get-paper-generation-job refunds via refundClaimedPaperCredits on terminal failure","status":"passed","title":"get-paper-generation-job refunds via refundClaimedPaperCredits on terminal failure","duration":1.6864999999997963,"failureMessages":[],"meta":{}},{"ancestorTitles":["gov exam credit/inventory contracts"],"fullName":"gov exam credit/inventory contracts release_gov_paper_credits migration fails closed when refund_credits fails","status":"passed","title":"release_gov_paper_credits migration fails closed when refund_credits fails","duration":1.5322999999998501,"failureMessages":[],"meta":{}},{"ancestorTitles":["gov exam credit/inventory contracts"],"fullName":"gov exam credit/inventory contracts generate-topic-practice refunds on inventory shortfall","status":"passed","title":"generate-topic-practice refunds on inventory shortfall","duration":3.270300000000134,"failureMessages":[],"meta":{}},{"ancestorTitles":["gov exam credit/inventory contracts"],"fullName":"gov exam credit/inventory contracts deduct-credits does not map every failure to PAYMENT_REQUIRED","status":"passed","title":"deduct-credits does not map every failure to PAYMENT_REQUIRED","duration":2.0581999999999425,"failureMessages":[],"meta":{}},{"ancestorTitles":["gov exam credit/inventory contracts"],"fullName":"gov exam credit/inventory contracts select-test-questions returns MAX_ATTEMPTS_REACHED instead of 402","status":"passed","title":"select-test-questions returns MAX_ATTEMPTS_REACHED instead of 402","duration":2.219300000000203,"failureMessages":[],"meta":{}},{"ancestorTitles":["gov exam credit/inventory contracts"],"fullName":"gov exam credit/inventory contracts paper jobs treat unique idempotency conflicts as replays, not refunds","status":"passed","title":"paper jobs treat unique idempotency conflicts as replays, not refunds","duration":2.577900000000227,"failureMessages":[],"meta":{}},{"ancestorTitles":["gov exam credit/inventory contracts"],"fullName":"gov exam credit/inventory contracts submit-test uses shared CORS and is idempotent on completed tests","status":"passed","title":"submit-test uses shared CORS and is idempotent on completed tests","duration":2.7204000000001543,"failureMessages":[],"meta":{}},{"ancestorTitles":["gov exam credit/inventory contracts"],"fullName":"gov exam credit/inventory contracts start-exam is the client start path, uses DB clock, and gates India for gov exams","status":"passed","title":"start-exam is the client start path, uses DB clock, and gates India for gov exams","duration":2.0203999999998814,"failureMessages":[],"meta":{}},{"ancestorTitles":["gov exam credit/inventory contracts"],"fullName":"gov exam credit/inventory contracts save-test-answer rejects stale client_updated_at and expired attempts","status":"passed","title":"save-test-answer rejects stale client_updated_at and expired attempts","duration":1.5886999999997897,"failureMessages":[],"meta":{}},{"ancestorTitles":["gov exam runner client contracts"],"fullName":"gov exam runner client contracts GovExamDetail persists and resumes topic-practice jobs without a second charge","status":"passed","title":"GovExamDetail persists and resumes topic-practice jobs without a second charge","duration":2.4265999999997803,"failureMessages":[],"meta":{}},{"ancestorTitles":["gov exam runner client contracts"],"fullName":"gov exam runner client contracts GenerateGovPaper gates generation on spendable credits","status":"passed","title":"GenerateGovPaper gates generation on spendable credits","duration":2.9007000000001426,"failureMessages":[],"meta":{}},{"ancestorTitles":["gov exam runner client contracts"],"fullName":"gov exam runner client contracts GenerateGovPaper releases credits on all terminal failures via cancel-paper-generation-job","status":"passed","title":"GenerateGovPaper releases credits on all terminal failures via cancel-paper-generation-job","duration":3.8094999999998436,"failureMessages":[],"meta":{}},{"ancestorTitles":["gov exam runner client contracts"],"fullName":"gov exam runner client contracts TestSession starts and autosaves through start-exam / save-test-answer","status":"passed","title":"TestSession starts and autosaves through start-exam / save-test-answer","duration":3.6510000000002947,"failureMessages":[],"meta":{}}],"startTime":1788508006676,"endTime":1788508006729.651,"status":"passed","message":"","name":"C:/Users/TECH-GENIUSES/Downloads/clarity-assistant/src/test/lib/edge/govExamCreditContracts.test.ts"},{"assertionResults":[{"ancestorTitles":["interviewer voice catalogue"],"fullName":"interviewer voice catalogue exposes the six controlled voices with preview + text fallback","status":"passed","title":"exposes the six controlled voices with preview + text fallback","duration":7.985699999999724,"failureMessages":[],"meta":{}},{"ancestorTitles":["interviewer voice catalogue"],"fullName":"interviewer voice catalogue maps browser voices with validated catalogue hints","status":"passed","title":"maps browser voices with validated catalogue hints","duration":3.8301000000001295,"failureMessages":[],"meta":{}},{"ancestorTitles":["server TTS honesty"],"fullName":"server TTS honesty reports disabled when VITE_ENABLE_SERVER_TTS is off","status":"passed","title":"reports disabled when VITE_ENABLE_SERVER_TTS is off","duration":2.7130999999999403,"failureMessages":[],"meta":{}},{"ancestorTitles":["server TTS honesty"],"fullName":"server TTS honesty does not fake server audio when Edge returns unavailable","status":"passed","title":"does not fake server audio when Edge returns unavailable","duration":1.9572000000002845,"failureMessages":[],"meta":{}},{"ancestorTitles":["server TTS honesty"],"fullName":"server TTS honesty accepts real Edge audio only when provided","status":"passed","title":"accepts real Edge audio only when provided","duration":1.1564000000003034,"failureMessages":[],"meta":{}},{"ancestorTitles":["question TTS identity"],"fullName":"question TTS identity does not restart on rapid timer/transcript ticks with the same question","status":"passed","title":"does not restart on rapid timer/transcript ticks with the same question","duration":1.3052999999999884,"failureMessages":[],"meta":{}},{"ancestorTitles":["question TTS identity"],"fullName":"question TTS identity restarts when the question id or text changes","status":"passed","title":"restarts when the question id or text changes","duration":1.0380999999997584,"failureMessages":[],"meta":{}},{"ancestorTitles":["question TTS identity"],"fullName":"question TTS identity treats empty text as silence (do not speak)","status":"passed","title":"treats empty text as silence (do not speak)","duration":0.9986000000003514,"failureMessages":[],"meta":{}},{"ancestorTitles":["mockTts playback + fallback honesty"],"fullName":"mockTts playback + fallback honesty does not throw when speechSynthesis is unavailable","status":"passed","title":"does not throw when speechSynthesis is unavailable","duration":5.416099999999915,"failureMessages":[],"meta":{}},{"ancestorTitles":["mockTts playback + fallback honesty"],"fullName":"mockTts playback + fallback honesty stopBrowserTts and unlockBrowserTts are safe without speechSynthesis","status":"passed","title":"stopBrowserTts and unlockBrowserTts are safe without speechSynthesis","duration":4.48739999999998,"failureMessages":[],"meta":{}},{"ancestorTitles":["mockTts playback + fallback honesty"],"fullName":"mockTts playback + fallback honesty plays successfully when the provider fires start then end","status":"passed","title":"plays successfully when the provider fires start then end","duration":15.350199999999859,"failureMessages":[],"meta":{}},{"ancestorTitles":["mockTts playback + fallback honesty"],"fullName":"mockTts playback + fallback honesty falls back to browser when server TTS is unavailable","status":"passed","title":"falls back to browser when server TTS is unavailable","duration":4.788800000000265,"failureMessages":[],"meta":{}},{"ancestorTitles":["mockTts playback + fallback honesty"],"fullName":"mockTts playback + fallback honesty previewCatalogueVoice uses browser-only path","status":"passed","title":"previewCatalogueVoice uses browser-only path","duration":17.62310000000025,"failureMessages":[],"meta":{}},{"ancestorTitles":["mockTts playback + fallback honesty"],"fullName":"mockTts playback + fallback honesty returns blocked when autoplay never starts","status":"passed","title":"returns blocked when autoplay never starts","duration":4.015800000000127,"failureMessages":[],"meta":{}},{"ancestorTitles":["mockTts playback + fallback honesty"],"fullName":"mockTts playback + fallback honesty returns blocked on not-allowed provider error","status":"passed","title":"returns blocked on not-allowed provider error","duration":5.324000000000069,"failureMessages":[],"meta":{}},{"ancestorTitles":["mockTts playback + fallback honesty"],"fullName":"mockTts playback + fallback honesty returns error when speak() throws (provider failure)","status":"passed","title":"returns error when speak() throws (provider failure)","duration":4.054499999999734,"failureMessages":[],"meta":{}},{"ancestorTitles":["mockTts playback + fallback honesty"],"fullName":"mockTts playback + fallback honesty returns unavailable for silence / empty text","status":"passed","title":"returns unavailable for silence / empty text","duration":3.1550999999999476,"failureMessages":[],"meta":{}},{"ancestorTitles":["mockTts playback + fallback honesty"],"fullName":"mockTts playback + fallback honesty cancels when the question is no longer current","status":"passed","title":"cancels when the question is no longer current","duration":2.4196999999999207,"failureMessages":[],"meta":{}},{"ancestorTitles":["mockTts playback + fallback honesty"],"fullName":"mockTts playback + fallback honesty keeps long sessions speaking by resuming the synth","status":"passed","title":"keeps long sessions speaking by resuming the synth","duration":2.6279999999997017,"failureMessages":[],"meta":{}},{"ancestorTitles":["mock scorecard eligibility evidence"],"fullName":"mock scorecard eligibility evidence counts non-empty answers as evidence even when status is not answered","status":"passed","title":"counts non-empty answers as evidence even when status is not answered","duration":1.0097000000000662,"failureMessages":[],"meta":{}}],"startTime":1788508006958,"endTime":1788508007055.0098,"status":"passed","message":"","name":"C:/Users/TECH-GENIUSES/Downloads/clarity-assistant/src/test/lib/mock/mockTts.test.ts"},{"assertionResults":[{"ancestorTitles":["overlay capture-exclusion honesty"],"fullName":"overlay capture-exclusion honesty enableContentProtection never claims success","status":"passed","title":"enableContentProtection never claims success","duration":5.064499999999498,"failureMessages":[],"meta":{}},{"ancestorTitles":["overlay capture-exclusion honesty"],"fullName":"overlay capture-exclusion honesty exposes Supported / Unsupported / Not Verified / Not Guaranteed labels","status":"passed","title":"exposes Supported / Unsupported / Not Verified / Not Guaranteed labels","duration":0.9535000000005311,"failureMessages":[],"meta":{}},{"ancestorTitles":["overlay capture-exclusion honesty"],"fullName":"overlay capture-exclusion honesty getSupportInfo never reports Supported while protection is disabled","status":"passed","title":"getSupportInfo never reports Supported while protection is disabled","duration":3.3148999999993976,"failureMessages":[],"meta":{}},{"ancestorTitles":["overlay capture-exclusion honesty"],"fullName":"overlay capture-exclusion honesty browser reports Unsupported (not Supported)","status":"passed","title":"browser reports Unsupported (not Supported)","duration":0.7703000000001339,"failureMessages":[],"meta":{}},{"ancestorTitles":["overlay capture-exclusion honesty"],"fullName":"overlay capture-exclusion honesty requires the screen-share disclaimer before any exclusion claim","status":"passed","title":"requires the screen-share disclaimer before any exclusion claim","duration":1.5205999999998312,"failureMessages":[],"meta":{}},{"ancestorTitles":["minimize / hide must not end session or wipe state"],"fullName":"minimize / hide must not end session or wipe state minimizeOverlay only toggles visibility — keeps hint/transcript session fields","status":"passed","title":"minimizeOverlay only toggles visibility — keeps hint/transcript session fields","duration":6.656500000000051,"failureMessages":[],"meta":{}},{"ancestorTitles":["minimize / hide must not end session or wipe state"],"fullName":"minimize / hide must not end session or wipe state hideOverlay does not clear transcripts or change session status","status":"passed","title":"hideOverlay does not clear transcripts or change session status","duration":1.8076000000000931,"failureMessages":[],"meta":{}},{"ancestorTitles":["browser must not claim full system audio"],"fullName":"browser must not claim full system audio reports limited or unavailable outside Electron","status":"passed","title":"reports limited or unavailable outside Electron","duration":0.9861000000000786,"failureMessages":[],"meta":{}},{"ancestorTitles":["session-start conflict surfacing"],"fullName":"session-start conflict surfacing maps conflict codes to actionable messages","status":"passed","title":"maps conflict codes to actionable messages","duration":1.276199999999335,"failureMessages":[],"meta":{}},{"ancestorTitles":["session-start conflict surfacing"],"fullName":"session-start conflict surfacing handleSessionStartError toasts conflict codes","status":"passed","title":"handleSessionStartError toasts conflict codes","duration":1.6230999999997948,"failureMessages":[],"meta":{}},{"ancestorTitles":["session-start conflict surfacing"],"fullName":"session-start conflict surfacing useLiveCopilot surfaces conflicts via handleSessionStartError (contract)","status":"passed","title":"useLiveCopilot surfaces conflicts via handleSessionStartError (contract)","duration":2.221599999999853,"failureMessages":[],"meta":{}}],"startTime":1788508009061,"endTime":1788508009089.2217,"status":"passed","message":"","name":"C:/Users/TECH-GENIUSES/Downloads/clarity-assistant/src/test/lib/overlay/overlayHonesty.test.ts"}]}